  MissileManager.cpp
c:\project\finalproject\nooplander_rfinnegan (2)\nooplander_rfinnegan\start\start\missilemanager.cpp(29): warning C4244: '=' : conversion from 'float' to 'int', possible loss of data
c:\project\finalproject\nooplander_rfinnegan (2)\nooplander_rfinnegan\start\start\missilemanager.cpp(30): warning C4244: '=' : conversion from 'float' to 'int', possible loss of data
c:\project\finalproject\nooplander_rfinnegan (2)\nooplander_rfinnegan\start\start\missilemanager.cpp(43): warning C4018: '<' : signed/unsigned mismatch
c:\project\finalproject\nooplander_rfinnegan (2)\nooplander_rfinnegan\start\start\missilemanager.cpp(56): warning C4018: '<' : signed/unsigned mismatch
c:\project\finalproject\nooplander_rfinnegan (2)\nooplander_rfinnegan\start\start\missilemanager.cpp(67): warning C4018: '<' : signed/unsigned mismatch
c:\project\finalproject\nooplander_rfinnegan (2)\nooplander_rfinnegan\start\start\missilemanager.cpp(69): warning C4244: 'initializing' : conversion from 'double' to 'float', possible loss of data
  GameManager.cpp
c:\project\finalproject\nooplander_rfinnegan (2)\nooplander_rfinnegan\start\start\gamemanager.cpp(284): warning C4244: 'initializing' : conversion from 'double' to 'float', possible loss of data
  Alien.cpp
c:\project\finalproject\nooplander_rfinnegan (2)\nooplander_rfinnegan\start\start\alien.cpp(28): warning C4305: '=' : truncation from 'double' to 'float'
c:\project\finalproject\nooplander_rfinnegan (2)\nooplander_rfinnegan\start\start\alien.cpp(134): warning C4244: '=' : conversion from 'double' to 'float', possible loss of data
c:\project\finalproject\nooplander_rfinnegan (2)\nooplander_rfinnegan\start\start\alien.cpp(135): warning C4244: '=' : conversion from 'double' to 'float', possible loss of data
c:\project\finalproject\nooplander_rfinnegan (2)\nooplander_rfinnegan\start\start\alien.cpp(136): warning C4244: '=' : conversion from 'float' to 'int', possible loss of data
c:\project\finalproject\nooplander_rfinnegan (2)\nooplander_rfinnegan\start\start\alien.cpp(137): warning C4244: '=' : conversion from 'float' to 'int', possible loss of data
c:\project\finalproject\nooplander_rfinnegan (2)\nooplander_rfinnegan\start\start\alien.cpp(175): warning C4244: '+=' : conversion from 'double' to 'float', possible loss of data
c:\project\finalproject\nooplander_rfinnegan (2)\nooplander_rfinnegan\start\start\alien.cpp(176): warning C4244: '+=' : conversion from 'double' to 'float', possible loss of data
c:\project\finalproject\nooplander_rfinnegan (2)\nooplander_rfinnegan\start\start\alien.cpp(225): warning C4244: '=' : conversion from 'clock_t' to 'float', possible loss of data
c:\project\finalproject\nooplander_rfinnegan (2)\nooplander_rfinnegan\start\start\alien.cpp(244): warning C4244: 'initializing' : conversion from 'clock_t' to 'float', possible loss of data
c:\project\finalproject\nooplander_rfinnegan (2)\nooplander_rfinnegan\start\start\alien.cpp(248): warning C4244: 'initializing' : conversion from 'int' to 'float', possible loss of data
c:\project\finalproject\nooplander_rfinnegan (2)\nooplander_rfinnegan\start\start\alien.cpp(249): warning C4244: 'initializing' : conversion from 'int' to 'float', possible loss of data
c:\project\finalproject\nooplander_rfinnegan (2)\nooplander_rfinnegan\start\start\alien.cpp(250): warning C4244: '=' : conversion from 'float' to 'int', possible loss of data
c:\project\finalproject\nooplander_rfinnegan (2)\nooplander_rfinnegan\start\start\alien.cpp(251): warning C4244: '=' : conversion from 'float' to 'int', possible loss of data
  Generating Code...
Actor.obj : warning LNK4075: ignoring '/EDITANDCONTINUE' due to '/OPT:LBR' specification
  Start.vcxproj -> C:\Project\FinalProject\NoopLander_RFinnegan (2)\NoopLander_RFinnegan\Start\Debug\Start.exe
