c:\projects\nooplander_rfinnegan_11_15_2\nooplander_rfinnegan (2)\nooplander_rfinnegan\start\start\debug\start.pch
c:\projects\nooplander_rfinnegan_11_15_2\nooplander_rfinnegan (2)\nooplander_rfinnegan\start\start\debug\vc120.pdb
c:\projects\nooplander_rfinnegan_11_15_2\nooplander_rfinnegan (2)\nooplander_rfinnegan\start\start\debug\vc120.idb
c:\projects\nooplander_rfinnegan_11_15_2\nooplander_rfinnegan (2)\nooplander_rfinnegan\start\start\debug\stdafx.obj
c:\projects\nooplander_rfinnegan_11_15_2\nooplander_rfinnegan (2)\nooplander_rfinnegan\start\start\debug\actor.obj
c:\projects\nooplander_rfinnegan_11_15_2\nooplander_rfinnegan (2)\nooplander_rfinnegan\start\start\debug\alien.obj
c:\projects\nooplander_rfinnegan_11_15_2\nooplander_rfinnegan (2)\nooplander_rfinnegan\start\start\debug\background.obj
c:\projects\nooplander_rfinnegan_11_15_2\nooplander_rfinnegan (2)\nooplander_rfinnegan\start\start\debug\gamemanager.obj
c:\projects\nooplander_rfinnegan_11_15_2\nooplander_rfinnegan (2)\nooplander_rfinnegan\start\start\debug\main.obj
c:\projects\nooplander_rfinnegan_11_15_2\nooplander_rfinnegan (2)\nooplander_rfinnegan\start\start\debug\missilemanager.obj
c:\projects\nooplander_rfinnegan_11_15_2\nooplander_rfinnegan (2)\nooplander_rfinnegan\start\start\debug\pad.obj
c:\projects\nooplander_rfinnegan_11_15_2\nooplander_rfinnegan (2)\nooplander_rfinnegan\start\start\debug\rocket.obj
c:\projects\nooplander_rfinnegan_11_15_2\nooplander_rfinnegan (2)\nooplander_rfinnegan\start\start\debug\sound.obj
c:\projects\nooplander_rfinnegan_11_15_2\nooplander_rfinnegan (2)\nooplander_rfinnegan\start\debug\start.exe
c:\projects\nooplander_rfinnegan_11_15_2\nooplander_rfinnegan (2)\nooplander_rfinnegan\start\debug\start.pdb
c:\projects\nooplander_rfinnegan_11_15_2\nooplander_rfinnegan (2)\nooplander_rfinnegan\start\start\debug\start.tlog\cl.command.1.tlog
c:\projects\nooplander_rfinnegan_11_15_2\nooplander_rfinnegan (2)\nooplander_rfinnegan\start\start\debug\start.tlog\cl.read.1.tlog
c:\projects\nooplander_rfinnegan_11_15_2\nooplander_rfinnegan (2)\nooplander_rfinnegan\start\start\debug\start.tlog\cl.write.1.tlog
c:\projects\nooplander_rfinnegan_11_15_2\nooplander_rfinnegan (2)\nooplander_rfinnegan\start\start\debug\start.tlog\link.command.1.tlog
c:\projects\nooplander_rfinnegan_11_15_2\nooplander_rfinnegan (2)\nooplander_rfinnegan\start\start\debug\start.tlog\link.read.1.tlog
c:\projects\nooplander_rfinnegan_11_15_2\nooplander_rfinnegan (2)\nooplander_rfinnegan\start\start\debug\start.tlog\link.write.1.tlog
